[2022-03-17 22:07:49,602] {processor.py:163} INFO - Started process (PID=171) to work on /opt/airflow/dags/dumm_dag.py
[2022-03-17 22:07:49,606] {processor.py:642} INFO - Processing file /opt/airflow/dags/dumm_dag.py for tasks to queue
[2022-03-17 22:07:49,608] {logging_mixin.py:109} INFO - [2022-03-17 22:07:49,608] {dagbag.py:500} INFO - Filling up the DagBag from /opt/airflow/dags/dumm_dag.py
[2022-03-17 22:07:50,850] {processor.py:654} INFO - DAG(s) dict_keys(['data_ingestion_gcs_dag']) retrieved from /opt/airflow/dags/dumm_dag.py
[2022-03-17 22:07:51,144] {logging_mixin.py:109} INFO - [2022-03-17 22:07:51,144] {dag.py:2396} INFO - Sync 1 DAGs
[2022-03-17 22:07:51,169] {logging_mixin.py:109} INFO - [2022-03-17 22:07:51,169] {dag.py:2935} INFO - Setting next_dagrun for data_ingestion_gcs_dag to 2022-03-16 00:00:00+00:00
[2022-03-17 22:07:51,192] {processor.py:171} INFO - Processing /opt/airflow/dags/dumm_dag.py took 1.602 seconds
[2022-03-17 22:08:21,318] {processor.py:163} INFO - Started process (PID=183) to work on /opt/airflow/dags/dumm_dag.py
[2022-03-17 22:08:21,321] {processor.py:642} INFO - Processing file /opt/airflow/dags/dumm_dag.py for tasks to queue
[2022-03-17 22:08:21,323] {logging_mixin.py:109} INFO - [2022-03-17 22:08:21,323] {dagbag.py:500} INFO - Filling up the DagBag from /opt/airflow/dags/dumm_dag.py
[2022-03-17 22:08:22,014] {processor.py:654} INFO - DAG(s) dict_keys(['data_ingestion_gcs_dag']) retrieved from /opt/airflow/dags/dumm_dag.py
[2022-03-17 22:08:22,085] {logging_mixin.py:109} INFO - [2022-03-17 22:08:22,084] {dag.py:2396} INFO - Sync 1 DAGs
[2022-03-17 22:08:22,105] {logging_mixin.py:109} INFO - [2022-03-17 22:08:22,104] {dag.py:2935} INFO - Setting next_dagrun for data_ingestion_gcs_dag to 2022-03-16 00:00:00+00:00
[2022-03-17 22:08:22,117] {processor.py:171} INFO - Processing /opt/airflow/dags/dumm_dag.py took 0.802 seconds
[2022-03-17 22:08:52,627] {processor.py:163} INFO - Started process (PID=194) to work on /opt/airflow/dags/dumm_dag.py
[2022-03-17 22:08:52,630] {processor.py:642} INFO - Processing file /opt/airflow/dags/dumm_dag.py for tasks to queue
[2022-03-17 22:08:52,631] {logging_mixin.py:109} INFO - [2022-03-17 22:08:52,631] {dagbag.py:500} INFO - Filling up the DagBag from /opt/airflow/dags/dumm_dag.py
[2022-03-17 22:08:53,419] {processor.py:654} INFO - DAG(s) dict_keys(['data_ingestion_gcs_dag']) retrieved from /opt/airflow/dags/dumm_dag.py
[2022-03-17 22:08:53,579] {logging_mixin.py:109} INFO - [2022-03-17 22:08:53,579] {dag.py:2396} INFO - Sync 1 DAGs
[2022-03-17 22:08:53,633] {logging_mixin.py:109} INFO - [2022-03-17 22:08:53,633] {dag.py:2935} INFO - Setting next_dagrun for data_ingestion_gcs_dag to 2022-03-16 00:00:00+00:00
[2022-03-17 22:08:53,648] {processor.py:171} INFO - Processing /opt/airflow/dags/dumm_dag.py took 1.058 seconds
[2022-03-17 22:09:23,793] {processor.py:163} INFO - Started process (PID=205) to work on /opt/airflow/dags/dumm_dag.py
[2022-03-17 22:09:23,799] {processor.py:642} INFO - Processing file /opt/airflow/dags/dumm_dag.py for tasks to queue
[2022-03-17 22:09:23,804] {logging_mixin.py:109} INFO - [2022-03-17 22:09:23,804] {dagbag.py:500} INFO - Filling up the DagBag from /opt/airflow/dags/dumm_dag.py
[2022-03-17 22:09:24,568] {processor.py:654} INFO - DAG(s) dict_keys(['data_ingestion_gcs_dag']) retrieved from /opt/airflow/dags/dumm_dag.py
[2022-03-17 22:09:24,644] {logging_mixin.py:109} INFO - [2022-03-17 22:09:24,643] {dag.py:2396} INFO - Sync 1 DAGs
[2022-03-17 22:09:24,668] {logging_mixin.py:109} INFO - [2022-03-17 22:09:24,668] {dag.py:2935} INFO - Setting next_dagrun for data_ingestion_gcs_dag to 2022-03-16 00:00:00+00:00
[2022-03-17 22:09:24,683] {processor.py:171} INFO - Processing /opt/airflow/dags/dumm_dag.py took 0.895 seconds
[2022-03-17 22:09:54,801] {processor.py:163} INFO - Started process (PID=216) to work on /opt/airflow/dags/dumm_dag.py
[2022-03-17 22:09:54,804] {processor.py:642} INFO - Processing file /opt/airflow/dags/dumm_dag.py for tasks to queue
[2022-03-17 22:09:54,805] {logging_mixin.py:109} INFO - [2022-03-17 22:09:54,805] {dagbag.py:500} INFO - Filling up the DagBag from /opt/airflow/dags/dumm_dag.py
[2022-03-17 22:09:55,611] {processor.py:654} INFO - DAG(s) dict_keys(['data_ingestion_gcs_dag']) retrieved from /opt/airflow/dags/dumm_dag.py
[2022-03-17 22:09:55,630] {logging_mixin.py:109} INFO - [2022-03-17 22:09:55,630] {dag.py:2396} INFO - Sync 1 DAGs
[2022-03-17 22:09:55,649] {logging_mixin.py:109} INFO - [2022-03-17 22:09:55,649] {dag.py:2935} INFO - Setting next_dagrun for data_ingestion_gcs_dag to 2022-03-16 00:00:00+00:00
[2022-03-17 22:09:55,662] {processor.py:171} INFO - Processing /opt/airflow/dags/dumm_dag.py took 0.864 seconds
[2022-03-17 22:10:25,837] {processor.py:163} INFO - Started process (PID=227) to work on /opt/airflow/dags/dumm_dag.py
[2022-03-17 22:10:25,840] {processor.py:642} INFO - Processing file /opt/airflow/dags/dumm_dag.py for tasks to queue
[2022-03-17 22:10:25,842] {logging_mixin.py:109} INFO - [2022-03-17 22:10:25,842] {dagbag.py:500} INFO - Filling up the DagBag from /opt/airflow/dags/dumm_dag.py
[2022-03-17 22:10:26,654] {processor.py:654} INFO - DAG(s) dict_keys(['data_ingestion_gcs_dag']) retrieved from /opt/airflow/dags/dumm_dag.py
[2022-03-17 22:10:26,666] {logging_mixin.py:109} INFO - [2022-03-17 22:10:26,666] {dag.py:2396} INFO - Sync 1 DAGs
[2022-03-17 22:10:26,685] {logging_mixin.py:109} INFO - [2022-03-17 22:10:26,685] {dag.py:2935} INFO - Setting next_dagrun for data_ingestion_gcs_dag to 2022-03-16 00:00:00+00:00
[2022-03-17 22:10:26,696] {processor.py:171} INFO - Processing /opt/airflow/dags/dumm_dag.py took 0.863 seconds
[2022-03-17 22:10:56,824] {processor.py:163} INFO - Started process (PID=238) to work on /opt/airflow/dags/dumm_dag.py
[2022-03-17 22:10:56,826] {processor.py:642} INFO - Processing file /opt/airflow/dags/dumm_dag.py for tasks to queue
[2022-03-17 22:10:56,827] {logging_mixin.py:109} INFO - [2022-03-17 22:10:56,827] {dagbag.py:500} INFO - Filling up the DagBag from /opt/airflow/dags/dumm_dag.py
[2022-03-17 22:10:57,617] {processor.py:654} INFO - DAG(s) dict_keys(['data_ingestion_gcs_dag']) retrieved from /opt/airflow/dags/dumm_dag.py
[2022-03-17 22:10:57,631] {logging_mixin.py:109} INFO - [2022-03-17 22:10:57,630] {dag.py:2396} INFO - Sync 1 DAGs
[2022-03-17 22:10:57,655] {logging_mixin.py:109} INFO - [2022-03-17 22:10:57,655] {dag.py:2935} INFO - Setting next_dagrun for data_ingestion_gcs_dag to 2022-03-16 00:00:00+00:00
[2022-03-17 22:10:57,670] {processor.py:171} INFO - Processing /opt/airflow/dags/dumm_dag.py took 0.849 seconds
[2022-03-17 22:11:27,797] {processor.py:163} INFO - Started process (PID=249) to work on /opt/airflow/dags/dumm_dag.py
[2022-03-17 22:11:27,800] {processor.py:642} INFO - Processing file /opt/airflow/dags/dumm_dag.py for tasks to queue
[2022-03-17 22:11:27,801] {logging_mixin.py:109} INFO - [2022-03-17 22:11:27,801] {dagbag.py:500} INFO - Filling up the DagBag from /opt/airflow/dags/dumm_dag.py
[2022-03-17 22:11:28,558] {processor.py:654} INFO - DAG(s) dict_keys(['data_ingestion_gcs_dag']) retrieved from /opt/airflow/dags/dumm_dag.py
[2022-03-17 22:11:28,569] {logging_mixin.py:109} INFO - [2022-03-17 22:11:28,569] {dag.py:2396} INFO - Sync 1 DAGs
[2022-03-17 22:11:28,587] {logging_mixin.py:109} INFO - [2022-03-17 22:11:28,587] {dag.py:2935} INFO - Setting next_dagrun for data_ingestion_gcs_dag to 2022-03-16 00:00:00+00:00
[2022-03-17 22:11:28,600] {processor.py:171} INFO - Processing /opt/airflow/dags/dumm_dag.py took 0.806 seconds
[2022-03-17 22:11:58,754] {processor.py:163} INFO - Started process (PID=260) to work on /opt/airflow/dags/dumm_dag.py
[2022-03-17 22:11:58,757] {processor.py:642} INFO - Processing file /opt/airflow/dags/dumm_dag.py for tasks to queue
[2022-03-17 22:11:58,759] {logging_mixin.py:109} INFO - [2022-03-17 22:11:58,759] {dagbag.py:500} INFO - Filling up the DagBag from /opt/airflow/dags/dumm_dag.py
[2022-03-17 22:11:59,489] {processor.py:654} INFO - DAG(s) dict_keys(['data_ingestion_gcs_dag']) retrieved from /opt/airflow/dags/dumm_dag.py
[2022-03-17 22:11:59,501] {logging_mixin.py:109} INFO - [2022-03-17 22:11:59,501] {dag.py:2396} INFO - Sync 1 DAGs
[2022-03-17 22:11:59,522] {logging_mixin.py:109} INFO - [2022-03-17 22:11:59,522] {dag.py:2935} INFO - Setting next_dagrun for data_ingestion_gcs_dag to 2022-03-16 00:00:00+00:00
[2022-03-17 22:11:59,533] {processor.py:171} INFO - Processing /opt/airflow/dags/dumm_dag.py took 0.783 seconds
[2022-03-17 22:12:29,636] {processor.py:163} INFO - Started process (PID=271) to work on /opt/airflow/dags/dumm_dag.py
[2022-03-17 22:12:29,640] {processor.py:642} INFO - Processing file /opt/airflow/dags/dumm_dag.py for tasks to queue
[2022-03-17 22:12:29,642] {logging_mixin.py:109} INFO - [2022-03-17 22:12:29,642] {dagbag.py:500} INFO - Filling up the DagBag from /opt/airflow/dags/dumm_dag.py
[2022-03-17 22:12:30,425] {processor.py:654} INFO - DAG(s) dict_keys(['data_ingestion_gcs_dag']) retrieved from /opt/airflow/dags/dumm_dag.py
[2022-03-17 22:12:30,438] {logging_mixin.py:109} INFO - [2022-03-17 22:12:30,437] {dag.py:2396} INFO - Sync 1 DAGs
[2022-03-17 22:12:30,457] {logging_mixin.py:109} INFO - [2022-03-17 22:12:30,457] {dag.py:2935} INFO - Setting next_dagrun for data_ingestion_gcs_dag to 2022-03-16 00:00:00+00:00
[2022-03-17 22:12:30,469] {processor.py:171} INFO - Processing /opt/airflow/dags/dumm_dag.py took 0.836 seconds
[2022-03-17 22:13:00,594] {processor.py:163} INFO - Started process (PID=282) to work on /opt/airflow/dags/dumm_dag.py
[2022-03-17 22:13:00,597] {processor.py:642} INFO - Processing file /opt/airflow/dags/dumm_dag.py for tasks to queue
[2022-03-17 22:13:00,599] {logging_mixin.py:109} INFO - [2022-03-17 22:13:00,598] {dagbag.py:500} INFO - Filling up the DagBag from /opt/airflow/dags/dumm_dag.py
[2022-03-17 22:13:01,436] {processor.py:654} INFO - DAG(s) dict_keys(['data_ingestion_gcs_dag']) retrieved from /opt/airflow/dags/dumm_dag.py
[2022-03-17 22:13:01,449] {logging_mixin.py:109} INFO - [2022-03-17 22:13:01,449] {dag.py:2396} INFO - Sync 1 DAGs
[2022-03-17 22:13:01,469] {logging_mixin.py:109} INFO - [2022-03-17 22:13:01,469] {dag.py:2935} INFO - Setting next_dagrun for data_ingestion_gcs_dag to 2022-03-16 00:00:00+00:00
[2022-03-17 22:13:01,482] {processor.py:171} INFO - Processing /opt/airflow/dags/dumm_dag.py took 0.892 seconds
[2022-03-17 22:13:31,617] {processor.py:163} INFO - Started process (PID=293) to work on /opt/airflow/dags/dumm_dag.py
[2022-03-17 22:13:31,621] {processor.py:642} INFO - Processing file /opt/airflow/dags/dumm_dag.py for tasks to queue
[2022-03-17 22:13:31,624] {logging_mixin.py:109} INFO - [2022-03-17 22:13:31,624] {dagbag.py:500} INFO - Filling up the DagBag from /opt/airflow/dags/dumm_dag.py
[2022-03-17 22:13:32,611] {processor.py:654} INFO - DAG(s) dict_keys(['data_ingestion_gcs_dag']) retrieved from /opt/airflow/dags/dumm_dag.py
[2022-03-17 22:13:32,625] {logging_mixin.py:109} INFO - [2022-03-17 22:13:32,625] {dag.py:2396} INFO - Sync 1 DAGs
[2022-03-17 22:13:32,646] {logging_mixin.py:109} INFO - [2022-03-17 22:13:32,646] {dag.py:2935} INFO - Setting next_dagrun for data_ingestion_gcs_dag to 2022-03-16 00:00:00+00:00
[2022-03-17 22:13:32,664] {processor.py:171} INFO - Processing /opt/airflow/dags/dumm_dag.py took 1.051 seconds
[2022-03-17 22:14:02,816] {processor.py:163} INFO - Started process (PID=304) to work on /opt/airflow/dags/dumm_dag.py
[2022-03-17 22:14:02,820] {processor.py:642} INFO - Processing file /opt/airflow/dags/dumm_dag.py for tasks to queue
[2022-03-17 22:14:02,822] {logging_mixin.py:109} INFO - [2022-03-17 22:14:02,822] {dagbag.py:500} INFO - Filling up the DagBag from /opt/airflow/dags/dumm_dag.py
[2022-03-17 22:14:03,598] {processor.py:654} INFO - DAG(s) dict_keys(['data_ingestion_gcs_dag']) retrieved from /opt/airflow/dags/dumm_dag.py
[2022-03-17 22:14:03,611] {logging_mixin.py:109} INFO - [2022-03-17 22:14:03,611] {dag.py:2396} INFO - Sync 1 DAGs
[2022-03-17 22:14:03,631] {logging_mixin.py:109} INFO - [2022-03-17 22:14:03,630] {dag.py:2935} INFO - Setting next_dagrun for data_ingestion_gcs_dag to 2022-03-16 00:00:00+00:00
[2022-03-17 22:14:03,644] {processor.py:171} INFO - Processing /opt/airflow/dags/dumm_dag.py took 0.834 seconds
[2022-03-17 22:14:33,795] {processor.py:163} INFO - Started process (PID=315) to work on /opt/airflow/dags/dumm_dag.py
[2022-03-17 22:14:33,798] {processor.py:642} INFO - Processing file /opt/airflow/dags/dumm_dag.py for tasks to queue
[2022-03-17 22:14:33,799] {logging_mixin.py:109} INFO - [2022-03-17 22:14:33,799] {dagbag.py:500} INFO - Filling up the DagBag from /opt/airflow/dags/dumm_dag.py
[2022-03-17 22:14:34,571] {processor.py:654} INFO - DAG(s) dict_keys(['data_ingestion_gcs_dag']) retrieved from /opt/airflow/dags/dumm_dag.py
[2022-03-17 22:14:34,589] {logging_mixin.py:109} INFO - [2022-03-17 22:14:34,589] {dag.py:2396} INFO - Sync 1 DAGs
[2022-03-17 22:14:34,613] {logging_mixin.py:109} INFO - [2022-03-17 22:14:34,613] {dag.py:2935} INFO - Setting next_dagrun for data_ingestion_gcs_dag to 2022-03-16 00:00:00+00:00
[2022-03-17 22:14:34,627] {processor.py:171} INFO - Processing /opt/airflow/dags/dumm_dag.py took 0.836 seconds
[2022-03-17 22:15:04,728] {processor.py:163} INFO - Started process (PID=326) to work on /opt/airflow/dags/dumm_dag.py
[2022-03-17 22:15:04,731] {processor.py:642} INFO - Processing file /opt/airflow/dags/dumm_dag.py for tasks to queue
[2022-03-17 22:15:04,734] {logging_mixin.py:109} INFO - [2022-03-17 22:15:04,733] {dagbag.py:500} INFO - Filling up the DagBag from /opt/airflow/dags/dumm_dag.py
[2022-03-17 22:15:05,503] {processor.py:654} INFO - DAG(s) dict_keys(['data_ingestion_gcs_dag']) retrieved from /opt/airflow/dags/dumm_dag.py
[2022-03-17 22:15:05,516] {logging_mixin.py:109} INFO - [2022-03-17 22:15:05,516] {dag.py:2396} INFO - Sync 1 DAGs
[2022-03-17 22:15:05,536] {logging_mixin.py:109} INFO - [2022-03-17 22:15:05,536] {dag.py:2935} INFO - Setting next_dagrun for data_ingestion_gcs_dag to 2022-03-16 00:00:00+00:00
[2022-03-17 22:15:05,550] {processor.py:171} INFO - Processing /opt/airflow/dags/dumm_dag.py took 0.826 seconds
[2022-03-17 22:15:35,728] {processor.py:163} INFO - Started process (PID=337) to work on /opt/airflow/dags/dumm_dag.py
[2022-03-17 22:15:35,732] {processor.py:642} INFO - Processing file /opt/airflow/dags/dumm_dag.py for tasks to queue
[2022-03-17 22:15:35,733] {logging_mixin.py:109} INFO - [2022-03-17 22:15:35,733] {dagbag.py:500} INFO - Filling up the DagBag from /opt/airflow/dags/dumm_dag.py
[2022-03-17 22:15:36,513] {processor.py:654} INFO - DAG(s) dict_keys(['data_ingestion_gcs_dag']) retrieved from /opt/airflow/dags/dumm_dag.py
[2022-03-17 22:15:36,524] {logging_mixin.py:109} INFO - [2022-03-17 22:15:36,524] {dag.py:2396} INFO - Sync 1 DAGs
[2022-03-17 22:15:36,543] {logging_mixin.py:109} INFO - [2022-03-17 22:15:36,542] {dag.py:2935} INFO - Setting next_dagrun for data_ingestion_gcs_dag to 2022-03-16 00:00:00+00:00
[2022-03-17 22:15:36,554] {processor.py:171} INFO - Processing /opt/airflow/dags/dumm_dag.py took 0.830 seconds
[2022-03-17 22:16:06,684] {processor.py:163} INFO - Started process (PID=348) to work on /opt/airflow/dags/dumm_dag.py
[2022-03-17 22:16:06,687] {processor.py:642} INFO - Processing file /opt/airflow/dags/dumm_dag.py for tasks to queue
[2022-03-17 22:16:06,688] {logging_mixin.py:109} INFO - [2022-03-17 22:16:06,688] {dagbag.py:500} INFO - Filling up the DagBag from /opt/airflow/dags/dumm_dag.py
[2022-03-17 22:16:07,462] {processor.py:654} INFO - DAG(s) dict_keys(['data_ingestion_gcs_dag']) retrieved from /opt/airflow/dags/dumm_dag.py
[2022-03-17 22:16:07,474] {logging_mixin.py:109} INFO - [2022-03-17 22:16:07,473] {dag.py:2396} INFO - Sync 1 DAGs
[2022-03-17 22:16:07,493] {logging_mixin.py:109} INFO - [2022-03-17 22:16:07,493] {dag.py:2935} INFO - Setting next_dagrun for data_ingestion_gcs_dag to 2022-03-16 00:00:00+00:00
[2022-03-17 22:16:07,505] {processor.py:171} INFO - Processing /opt/airflow/dags/dumm_dag.py took 0.825 seconds
[2022-03-17 22:16:37,633] {processor.py:163} INFO - Started process (PID=359) to work on /opt/airflow/dags/dumm_dag.py
[2022-03-17 22:16:37,636] {processor.py:642} INFO - Processing file /opt/airflow/dags/dumm_dag.py for tasks to queue
[2022-03-17 22:16:37,637] {logging_mixin.py:109} INFO - [2022-03-17 22:16:37,637] {dagbag.py:500} INFO - Filling up the DagBag from /opt/airflow/dags/dumm_dag.py
[2022-03-17 22:16:38,448] {processor.py:654} INFO - DAG(s) dict_keys(['data_ingestion_gcs_dag']) retrieved from /opt/airflow/dags/dumm_dag.py
[2022-03-17 22:16:38,533] {logging_mixin.py:109} INFO - [2022-03-17 22:16:38,533] {dag.py:2396} INFO - Sync 1 DAGs
[2022-03-17 22:16:38,564] {logging_mixin.py:109} INFO - [2022-03-17 22:16:38,564] {dag.py:2935} INFO - Setting next_dagrun for data_ingestion_gcs_dag to 2022-03-16 00:00:00+00:00
[2022-03-17 22:16:38,580] {processor.py:171} INFO - Processing /opt/airflow/dags/dumm_dag.py took 0.951 seconds
[2022-03-17 22:17:08,721] {processor.py:163} INFO - Started process (PID=370) to work on /opt/airflow/dags/dumm_dag.py
[2022-03-17 22:17:08,726] {processor.py:642} INFO - Processing file /opt/airflow/dags/dumm_dag.py for tasks to queue
[2022-03-17 22:17:08,728] {logging_mixin.py:109} INFO - [2022-03-17 22:17:08,728] {dagbag.py:500} INFO - Filling up the DagBag from /opt/airflow/dags/dumm_dag.py
[2022-03-17 22:17:09,489] {processor.py:654} INFO - DAG(s) dict_keys(['data_ingestion_gcs_dag']) retrieved from /opt/airflow/dags/dumm_dag.py
[2022-03-17 22:17:09,507] {logging_mixin.py:109} INFO - [2022-03-17 22:17:09,507] {dag.py:2396} INFO - Sync 1 DAGs
[2022-03-17 22:17:09,525] {logging_mixin.py:109} INFO - [2022-03-17 22:17:09,525] {dag.py:2935} INFO - Setting next_dagrun for data_ingestion_gcs_dag to 2022-03-16 00:00:00+00:00
[2022-03-17 22:17:09,534] {processor.py:171} INFO - Processing /opt/airflow/dags/dumm_dag.py took 0.817 seconds
[2022-03-17 22:17:39,682] {processor.py:163} INFO - Started process (PID=381) to work on /opt/airflow/dags/dumm_dag.py
[2022-03-17 22:17:39,684] {processor.py:642} INFO - Processing file /opt/airflow/dags/dumm_dag.py for tasks to queue
[2022-03-17 22:17:39,685] {logging_mixin.py:109} INFO - [2022-03-17 22:17:39,685] {dagbag.py:500} INFO - Filling up the DagBag from /opt/airflow/dags/dumm_dag.py
[2022-03-17 22:17:40,414] {processor.py:654} INFO - DAG(s) dict_keys(['data_ingestion_gcs_dag']) retrieved from /opt/airflow/dags/dumm_dag.py
[2022-03-17 22:17:40,425] {logging_mixin.py:109} INFO - [2022-03-17 22:17:40,425] {dag.py:2396} INFO - Sync 1 DAGs
[2022-03-17 22:17:40,442] {logging_mixin.py:109} INFO - [2022-03-17 22:17:40,442] {dag.py:2935} INFO - Setting next_dagrun for data_ingestion_gcs_dag to 2022-03-16 00:00:00+00:00
[2022-03-17 22:17:40,453] {processor.py:171} INFO - Processing /opt/airflow/dags/dumm_dag.py took 0.774 seconds
[2022-03-17 22:18:10,652] {processor.py:163} INFO - Started process (PID=392) to work on /opt/airflow/dags/dumm_dag.py
[2022-03-17 22:18:10,655] {processor.py:642} INFO - Processing file /opt/airflow/dags/dumm_dag.py for tasks to queue
[2022-03-17 22:18:10,656] {logging_mixin.py:109} INFO - [2022-03-17 22:18:10,656] {dagbag.py:500} INFO - Filling up the DagBag from /opt/airflow/dags/dumm_dag.py
[2022-03-17 22:18:11,403] {processor.py:654} INFO - DAG(s) dict_keys(['data_ingestion_gcs_dag']) retrieved from /opt/airflow/dags/dumm_dag.py
[2022-03-17 22:18:11,414] {logging_mixin.py:109} INFO - [2022-03-17 22:18:11,413] {dag.py:2396} INFO - Sync 1 DAGs
[2022-03-17 22:18:11,436] {logging_mixin.py:109} INFO - [2022-03-17 22:18:11,435] {dag.py:2935} INFO - Setting next_dagrun for data_ingestion_gcs_dag to 2022-03-16 00:00:00+00:00
[2022-03-17 22:18:11,446] {processor.py:171} INFO - Processing /opt/airflow/dags/dumm_dag.py took 0.798 seconds
[2022-03-17 22:18:41,586] {processor.py:163} INFO - Started process (PID=403) to work on /opt/airflow/dags/dumm_dag.py
[2022-03-17 22:18:41,590] {processor.py:642} INFO - Processing file /opt/airflow/dags/dumm_dag.py for tasks to queue
[2022-03-17 22:18:41,591] {logging_mixin.py:109} INFO - [2022-03-17 22:18:41,591] {dagbag.py:500} INFO - Filling up the DagBag from /opt/airflow/dags/dumm_dag.py
[2022-03-17 22:18:42,423] {processor.py:654} INFO - DAG(s) dict_keys(['data_ingestion_gcs_dag']) retrieved from /opt/airflow/dags/dumm_dag.py
[2022-03-17 22:18:42,437] {logging_mixin.py:109} INFO - [2022-03-17 22:18:42,437] {dag.py:2396} INFO - Sync 1 DAGs
[2022-03-17 22:18:42,459] {logging_mixin.py:109} INFO - [2022-03-17 22:18:42,459] {dag.py:2935} INFO - Setting next_dagrun for data_ingestion_gcs_dag to 2022-03-16 00:00:00+00:00
[2022-03-17 22:18:42,471] {processor.py:171} INFO - Processing /opt/airflow/dags/dumm_dag.py took 0.889 seconds
[2022-03-17 22:19:12,672] {processor.py:163} INFO - Started process (PID=414) to work on /opt/airflow/dags/dumm_dag.py
[2022-03-17 22:19:12,677] {processor.py:642} INFO - Processing file /opt/airflow/dags/dumm_dag.py for tasks to queue
[2022-03-17 22:19:12,679] {logging_mixin.py:109} INFO - [2022-03-17 22:19:12,679] {dagbag.py:500} INFO - Filling up the DagBag from /opt/airflow/dags/dumm_dag.py
[2022-03-17 22:19:13,427] {processor.py:654} INFO - DAG(s) dict_keys(['data_ingestion_gcs_dag']) retrieved from /opt/airflow/dags/dumm_dag.py
[2022-03-17 22:19:13,441] {logging_mixin.py:109} INFO - [2022-03-17 22:19:13,441] {dag.py:2396} INFO - Sync 1 DAGs
[2022-03-17 22:19:13,463] {logging_mixin.py:109} INFO - [2022-03-17 22:19:13,463] {dag.py:2935} INFO - Setting next_dagrun for data_ingestion_gcs_dag to 2022-03-16 00:00:00+00:00
[2022-03-17 22:19:13,476] {processor.py:171} INFO - Processing /opt/airflow/dags/dumm_dag.py took 0.808 seconds
[2022-03-17 22:19:43,712] {processor.py:163} INFO - Started process (PID=425) to work on /opt/airflow/dags/dumm_dag.py
[2022-03-17 22:19:43,715] {processor.py:642} INFO - Processing file /opt/airflow/dags/dumm_dag.py for tasks to queue
[2022-03-17 22:19:43,716] {logging_mixin.py:109} INFO - [2022-03-17 22:19:43,716] {dagbag.py:500} INFO - Filling up the DagBag from /opt/airflow/dags/dumm_dag.py
[2022-03-17 22:19:44,544] {processor.py:654} INFO - DAG(s) dict_keys(['data_ingestion_gcs_dag']) retrieved from /opt/airflow/dags/dumm_dag.py
[2022-03-17 22:19:44,558] {logging_mixin.py:109} INFO - [2022-03-17 22:19:44,557] {dag.py:2396} INFO - Sync 1 DAGs
[2022-03-17 22:19:44,577] {logging_mixin.py:109} INFO - [2022-03-17 22:19:44,577] {dag.py:2935} INFO - Setting next_dagrun for data_ingestion_gcs_dag to 2022-03-16 00:00:00+00:00
[2022-03-17 22:19:44,591] {processor.py:171} INFO - Processing /opt/airflow/dags/dumm_dag.py took 0.883 seconds
[2022-03-17 22:20:14,707] {processor.py:163} INFO - Started process (PID=436) to work on /opt/airflow/dags/dumm_dag.py
[2022-03-17 22:20:14,710] {processor.py:642} INFO - Processing file /opt/airflow/dags/dumm_dag.py for tasks to queue
[2022-03-17 22:20:14,712] {logging_mixin.py:109} INFO - [2022-03-17 22:20:14,712] {dagbag.py:500} INFO - Filling up the DagBag from /opt/airflow/dags/dumm_dag.py
[2022-03-17 22:20:15,582] {processor.py:654} INFO - DAG(s) dict_keys(['data_ingestion_gcs_dag']) retrieved from /opt/airflow/dags/dumm_dag.py
[2022-03-17 22:20:15,595] {logging_mixin.py:109} INFO - [2022-03-17 22:20:15,595] {dag.py:2396} INFO - Sync 1 DAGs
[2022-03-17 22:20:15,616] {logging_mixin.py:109} INFO - [2022-03-17 22:20:15,616] {dag.py:2935} INFO - Setting next_dagrun for data_ingestion_gcs_dag to 2022-03-16 00:00:00+00:00
[2022-03-17 22:20:15,633] {processor.py:171} INFO - Processing /opt/airflow/dags/dumm_dag.py took 0.930 seconds
[2022-03-17 22:20:45,745] {processor.py:163} INFO - Started process (PID=447) to work on /opt/airflow/dags/dumm_dag.py
[2022-03-17 22:20:45,749] {processor.py:642} INFO - Processing file /opt/airflow/dags/dumm_dag.py for tasks to queue
[2022-03-17 22:20:45,753] {logging_mixin.py:109} INFO - [2022-03-17 22:20:45,753] {dagbag.py:500} INFO - Filling up the DagBag from /opt/airflow/dags/dumm_dag.py
[2022-03-17 22:20:46,550] {processor.py:654} INFO - DAG(s) dict_keys(['data_ingestion_gcs_dag']) retrieved from /opt/airflow/dags/dumm_dag.py
[2022-03-17 22:20:46,581] {logging_mixin.py:109} INFO - [2022-03-17 22:20:46,581] {dag.py:2396} INFO - Sync 1 DAGs
[2022-03-17 22:20:46,599] {logging_mixin.py:109} INFO - [2022-03-17 22:20:46,599] {dag.py:2935} INFO - Setting next_dagrun for data_ingestion_gcs_dag to 2022-03-16 00:00:00+00:00
[2022-03-17 22:20:46,626] {processor.py:171} INFO - Processing /opt/airflow/dags/dumm_dag.py took 0.886 seconds
[2022-03-17 22:21:16,741] {processor.py:163} INFO - Started process (PID=458) to work on /opt/airflow/dags/dumm_dag.py
[2022-03-17 22:21:16,745] {processor.py:642} INFO - Processing file /opt/airflow/dags/dumm_dag.py for tasks to queue
[2022-03-17 22:21:16,746] {logging_mixin.py:109} INFO - [2022-03-17 22:21:16,746] {dagbag.py:500} INFO - Filling up the DagBag from /opt/airflow/dags/dumm_dag.py
[2022-03-17 22:21:17,526] {processor.py:654} INFO - DAG(s) dict_keys(['data_ingestion_gcs_dag']) retrieved from /opt/airflow/dags/dumm_dag.py
[2022-03-17 22:21:17,539] {logging_mixin.py:109} INFO - [2022-03-17 22:21:17,538] {dag.py:2396} INFO - Sync 1 DAGs
[2022-03-17 22:21:17,559] {logging_mixin.py:109} INFO - [2022-03-17 22:21:17,559] {dag.py:2935} INFO - Setting next_dagrun for data_ingestion_gcs_dag to 2022-03-16 00:00:00+00:00
[2022-03-17 22:21:17,573] {processor.py:171} INFO - Processing /opt/airflow/dags/dumm_dag.py took 0.836 seconds
[2022-03-17 22:34:24,157] {processor.py:163} INFO - Started process (PID=172) to work on /opt/airflow/dags/dumm_dag.py
[2022-03-17 22:34:24,160] {processor.py:642} INFO - Processing file /opt/airflow/dags/dumm_dag.py for tasks to queue
[2022-03-17 22:34:24,161] {logging_mixin.py:109} INFO - [2022-03-17 22:34:24,161] {dagbag.py:500} INFO - Filling up the DagBag from /opt/airflow/dags/dumm_dag.py
[2022-03-17 22:34:24,874] {processor.py:654} INFO - DAG(s) dict_keys(['data_ingestion_gcs_dag']) retrieved from /opt/airflow/dags/dumm_dag.py
[2022-03-17 22:34:24,884] {logging_mixin.py:109} INFO - [2022-03-17 22:34:24,884] {dag.py:2396} INFO - Sync 1 DAGs
[2022-03-17 22:34:25,010] {logging_mixin.py:109} INFO - [2022-03-17 22:34:25,010] {dag.py:2935} INFO - Setting next_dagrun for data_ingestion_gcs_dag to 2022-03-16 00:00:00+00:00
[2022-03-17 22:34:25,034] {processor.py:171} INFO - Processing /opt/airflow/dags/dumm_dag.py took 0.880 seconds
[2022-03-17 22:34:55,169] {processor.py:163} INFO - Started process (PID=183) to work on /opt/airflow/dags/dumm_dag.py
[2022-03-17 22:34:55,171] {processor.py:642} INFO - Processing file /opt/airflow/dags/dumm_dag.py for tasks to queue
[2022-03-17 22:34:55,175] {logging_mixin.py:109} INFO - [2022-03-17 22:34:55,175] {dagbag.py:500} INFO - Filling up the DagBag from /opt/airflow/dags/dumm_dag.py
[2022-03-17 22:34:56,240] {processor.py:654} INFO - DAG(s) dict_keys(['data_ingestion_gcs_dag']) retrieved from /opt/airflow/dags/dumm_dag.py
[2022-03-17 22:34:56,254] {logging_mixin.py:109} INFO - [2022-03-17 22:34:56,254] {dag.py:2396} INFO - Sync 1 DAGs
[2022-03-17 22:34:56,341] {logging_mixin.py:109} INFO - [2022-03-17 22:34:56,340] {dag.py:2935} INFO - Setting next_dagrun for data_ingestion_gcs_dag to 2022-03-16 00:00:00+00:00
[2022-03-17 22:34:56,355] {processor.py:171} INFO - Processing /opt/airflow/dags/dumm_dag.py took 1.192 seconds
[2022-03-17 22:35:26,401] {processor.py:163} INFO - Started process (PID=194) to work on /opt/airflow/dags/dumm_dag.py
[2022-03-17 22:35:26,404] {processor.py:642} INFO - Processing file /opt/airflow/dags/dumm_dag.py for tasks to queue
[2022-03-17 22:35:26,406] {logging_mixin.py:109} INFO - [2022-03-17 22:35:26,406] {dagbag.py:500} INFO - Filling up the DagBag from /opt/airflow/dags/dumm_dag.py
[2022-03-17 22:35:27,199] {processor.py:654} INFO - DAG(s) dict_keys(['data_ingestion_gcs_dag']) retrieved from /opt/airflow/dags/dumm_dag.py
[2022-03-17 22:35:27,272] {logging_mixin.py:109} INFO - [2022-03-17 22:35:27,271] {dag.py:2396} INFO - Sync 1 DAGs
[2022-03-17 22:35:27,293] {logging_mixin.py:109} INFO - [2022-03-17 22:35:27,292] {dag.py:2935} INFO - Setting next_dagrun for data_ingestion_gcs_dag to 2022-03-16 00:00:00+00:00
[2022-03-17 22:35:27,305] {processor.py:171} INFO - Processing /opt/airflow/dags/dumm_dag.py took 0.909 seconds
[2022-03-17 22:35:57,449] {processor.py:163} INFO - Started process (PID=205) to work on /opt/airflow/dags/dumm_dag.py
[2022-03-17 22:35:57,452] {processor.py:642} INFO - Processing file /opt/airflow/dags/dumm_dag.py for tasks to queue
[2022-03-17 22:35:57,454] {logging_mixin.py:109} INFO - [2022-03-17 22:35:57,454] {dagbag.py:500} INFO - Filling up the DagBag from /opt/airflow/dags/dumm_dag.py
[2022-03-17 22:35:58,367] {processor.py:654} INFO - DAG(s) dict_keys(['data_ingestion_gcs_dag']) retrieved from /opt/airflow/dags/dumm_dag.py
[2022-03-17 22:35:58,442] {logging_mixin.py:109} INFO - [2022-03-17 22:35:58,442] {dag.py:2396} INFO - Sync 1 DAGs
[2022-03-17 22:35:58,470] {logging_mixin.py:109} INFO - [2022-03-17 22:35:58,470] {dag.py:2935} INFO - Setting next_dagrun for data_ingestion_gcs_dag to 2022-03-16 00:00:00+00:00
[2022-03-17 22:35:58,482] {processor.py:171} INFO - Processing /opt/airflow/dags/dumm_dag.py took 1.037 seconds
[2022-03-17 22:36:28,589] {processor.py:163} INFO - Started process (PID=216) to work on /opt/airflow/dags/dumm_dag.py
[2022-03-17 22:36:28,592] {processor.py:642} INFO - Processing file /opt/airflow/dags/dumm_dag.py for tasks to queue
[2022-03-17 22:36:28,593] {logging_mixin.py:109} INFO - [2022-03-17 22:36:28,593] {dagbag.py:500} INFO - Filling up the DagBag from /opt/airflow/dags/dumm_dag.py
[2022-03-17 22:36:29,525] {processor.py:654} INFO - DAG(s) dict_keys(['data_ingestion_gcs_dag']) retrieved from /opt/airflow/dags/dumm_dag.py
[2022-03-17 22:36:29,662] {logging_mixin.py:109} INFO - [2022-03-17 22:36:29,662] {dag.py:2396} INFO - Sync 1 DAGs
[2022-03-17 22:36:29,708] {logging_mixin.py:109} INFO - [2022-03-17 22:36:29,708] {dag.py:2935} INFO - Setting next_dagrun for data_ingestion_gcs_dag to 2022-03-16 00:00:00+00:00
[2022-03-17 22:36:29,772] {processor.py:171} INFO - Processing /opt/airflow/dags/dumm_dag.py took 1.187 seconds
[2022-03-17 22:36:59,895] {processor.py:163} INFO - Started process (PID=227) to work on /opt/airflow/dags/dumm_dag.py
[2022-03-17 22:36:59,897] {processor.py:642} INFO - Processing file /opt/airflow/dags/dumm_dag.py for tasks to queue
[2022-03-17 22:36:59,899] {logging_mixin.py:109} INFO - [2022-03-17 22:36:59,898] {dagbag.py:500} INFO - Filling up the DagBag from /opt/airflow/dags/dumm_dag.py
[2022-03-17 22:37:00,661] {processor.py:654} INFO - DAG(s) dict_keys(['data_ingestion_gcs_dag']) retrieved from /opt/airflow/dags/dumm_dag.py
[2022-03-17 22:37:00,678] {logging_mixin.py:109} INFO - [2022-03-17 22:37:00,677] {dag.py:2396} INFO - Sync 1 DAGs
[2022-03-17 22:37:00,702] {logging_mixin.py:109} INFO - [2022-03-17 22:37:00,702] {dag.py:2935} INFO - Setting next_dagrun for data_ingestion_gcs_dag to 2022-03-16 00:00:00+00:00
[2022-03-17 22:37:00,715] {processor.py:171} INFO - Processing /opt/airflow/dags/dumm_dag.py took 0.824 seconds
[2022-03-17 22:37:30,838] {processor.py:163} INFO - Started process (PID=238) to work on /opt/airflow/dags/dumm_dag.py
[2022-03-17 22:37:30,840] {processor.py:642} INFO - Processing file /opt/airflow/dags/dumm_dag.py for tasks to queue
[2022-03-17 22:37:30,842] {logging_mixin.py:109} INFO - [2022-03-17 22:37:30,842] {dagbag.py:500} INFO - Filling up the DagBag from /opt/airflow/dags/dumm_dag.py
[2022-03-17 22:37:31,624] {processor.py:654} INFO - DAG(s) dict_keys(['data_ingestion_gcs_dag']) retrieved from /opt/airflow/dags/dumm_dag.py
[2022-03-17 22:37:31,636] {logging_mixin.py:109} INFO - [2022-03-17 22:37:31,636] {dag.py:2396} INFO - Sync 1 DAGs
[2022-03-17 22:37:31,656] {logging_mixin.py:109} INFO - [2022-03-17 22:37:31,655] {dag.py:2935} INFO - Setting next_dagrun for data_ingestion_gcs_dag to 2022-03-16 00:00:00+00:00
[2022-03-17 22:37:31,667] {processor.py:171} INFO - Processing /opt/airflow/dags/dumm_dag.py took 0.834 seconds
[2022-03-17 22:38:01,799] {processor.py:163} INFO - Started process (PID=249) to work on /opt/airflow/dags/dumm_dag.py
[2022-03-17 22:38:01,801] {processor.py:642} INFO - Processing file /opt/airflow/dags/dumm_dag.py for tasks to queue
[2022-03-17 22:38:01,803] {logging_mixin.py:109} INFO - [2022-03-17 22:38:01,803] {dagbag.py:500} INFO - Filling up the DagBag from /opt/airflow/dags/dumm_dag.py
[2022-03-17 22:38:02,534] {processor.py:654} INFO - DAG(s) dict_keys(['data_ingestion_gcs_dag']) retrieved from /opt/airflow/dags/dumm_dag.py
[2022-03-17 22:38:02,551] {logging_mixin.py:109} INFO - [2022-03-17 22:38:02,550] {dag.py:2396} INFO - Sync 1 DAGs
[2022-03-17 22:38:02,570] {logging_mixin.py:109} INFO - [2022-03-17 22:38:02,570] {dag.py:2935} INFO - Setting next_dagrun for data_ingestion_gcs_dag to 2022-03-16 00:00:00+00:00
[2022-03-17 22:38:02,582] {processor.py:171} INFO - Processing /opt/airflow/dags/dumm_dag.py took 0.787 seconds
[2022-03-17 22:38:32,676] {processor.py:163} INFO - Started process (PID=260) to work on /opt/airflow/dags/dumm_dag.py
[2022-03-17 22:38:32,679] {processor.py:642} INFO - Processing file /opt/airflow/dags/dumm_dag.py for tasks to queue
[2022-03-17 22:38:32,680] {logging_mixin.py:109} INFO - [2022-03-17 22:38:32,680] {dagbag.py:500} INFO - Filling up the DagBag from /opt/airflow/dags/dumm_dag.py
[2022-03-17 22:38:33,440] {processor.py:654} INFO - DAG(s) dict_keys(['data_ingestion_gcs_dag']) retrieved from /opt/airflow/dags/dumm_dag.py
[2022-03-17 22:38:33,452] {logging_mixin.py:109} INFO - [2022-03-17 22:38:33,452] {dag.py:2396} INFO - Sync 1 DAGs
[2022-03-17 22:38:33,472] {logging_mixin.py:109} INFO - [2022-03-17 22:38:33,472] {dag.py:2935} INFO - Setting next_dagrun for data_ingestion_gcs_dag to 2022-03-16 00:00:00+00:00
[2022-03-17 22:38:33,486] {processor.py:171} INFO - Processing /opt/airflow/dags/dumm_dag.py took 0.814 seconds
[2022-03-17 22:39:03,618] {processor.py:163} INFO - Started process (PID=271) to work on /opt/airflow/dags/dumm_dag.py
[2022-03-17 22:39:03,620] {processor.py:642} INFO - Processing file /opt/airflow/dags/dumm_dag.py for tasks to queue
[2022-03-17 22:39:03,622] {logging_mixin.py:109} INFO - [2022-03-17 22:39:03,622] {dagbag.py:500} INFO - Filling up the DagBag from /opt/airflow/dags/dumm_dag.py
[2022-03-17 22:39:04,425] {processor.py:654} INFO - DAG(s) dict_keys(['data_ingestion_gcs_dag']) retrieved from /opt/airflow/dags/dumm_dag.py
[2022-03-17 22:39:04,438] {logging_mixin.py:109} INFO - [2022-03-17 22:39:04,438] {dag.py:2396} INFO - Sync 1 DAGs
[2022-03-17 22:39:04,460] {logging_mixin.py:109} INFO - [2022-03-17 22:39:04,460] {dag.py:2935} INFO - Setting next_dagrun for data_ingestion_gcs_dag to 2022-03-16 00:00:00+00:00
[2022-03-17 22:39:04,473] {processor.py:171} INFO - Processing /opt/airflow/dags/dumm_dag.py took 0.858 seconds
[2022-03-17 22:39:34,706] {processor.py:163} INFO - Started process (PID=282) to work on /opt/airflow/dags/dumm_dag.py
[2022-03-17 22:39:34,710] {processor.py:642} INFO - Processing file /opt/airflow/dags/dumm_dag.py for tasks to queue
[2022-03-17 22:39:34,712] {logging_mixin.py:109} INFO - [2022-03-17 22:39:34,712] {dagbag.py:500} INFO - Filling up the DagBag from /opt/airflow/dags/dumm_dag.py
[2022-03-17 22:39:35,557] {processor.py:654} INFO - DAG(s) dict_keys(['data_ingestion_gcs_dag']) retrieved from /opt/airflow/dags/dumm_dag.py
[2022-03-17 22:39:35,581] {logging_mixin.py:109} INFO - [2022-03-17 22:39:35,580] {dag.py:2396} INFO - Sync 1 DAGs
[2022-03-17 22:39:35,614] {logging_mixin.py:109} INFO - [2022-03-17 22:39:35,614] {dag.py:2935} INFO - Setting next_dagrun for data_ingestion_gcs_dag to 2022-03-16 00:00:00+00:00
[2022-03-17 22:39:35,633] {processor.py:171} INFO - Processing /opt/airflow/dags/dumm_dag.py took 0.934 seconds
[2022-03-17 22:40:06,073] {processor.py:163} INFO - Started process (PID=293) to work on /opt/airflow/dags/dumm_dag.py
[2022-03-17 22:40:06,075] {processor.py:642} INFO - Processing file /opt/airflow/dags/dumm_dag.py for tasks to queue
[2022-03-17 22:40:06,077] {logging_mixin.py:109} INFO - [2022-03-17 22:40:06,077] {dagbag.py:500} INFO - Filling up the DagBag from /opt/airflow/dags/dumm_dag.py
[2022-03-17 22:40:06,879] {processor.py:654} INFO - DAG(s) dict_keys(['data_ingestion_gcs_dag']) retrieved from /opt/airflow/dags/dumm_dag.py
[2022-03-17 22:40:06,893] {logging_mixin.py:109} INFO - [2022-03-17 22:40:06,893] {dag.py:2396} INFO - Sync 1 DAGs
[2022-03-17 22:40:06,914] {logging_mixin.py:109} INFO - [2022-03-17 22:40:06,914] {dag.py:2935} INFO - Setting next_dagrun for data_ingestion_gcs_dag to 2022-03-16 00:00:00+00:00
[2022-03-17 22:40:06,925] {processor.py:171} INFO - Processing /opt/airflow/dags/dumm_dag.py took 0.856 seconds
[2022-03-17 22:40:37,056] {processor.py:163} INFO - Started process (PID=304) to work on /opt/airflow/dags/dumm_dag.py
[2022-03-17 22:40:37,059] {processor.py:642} INFO - Processing file /opt/airflow/dags/dumm_dag.py for tasks to queue
[2022-03-17 22:40:37,061] {logging_mixin.py:109} INFO - [2022-03-17 22:40:37,061] {dagbag.py:500} INFO - Filling up the DagBag from /opt/airflow/dags/dumm_dag.py
[2022-03-17 22:40:37,922] {processor.py:654} INFO - DAG(s) dict_keys(['data_ingestion_gcs_dag']) retrieved from /opt/airflow/dags/dumm_dag.py
[2022-03-17 22:40:37,934] {logging_mixin.py:109} INFO - [2022-03-17 22:40:37,934] {dag.py:2396} INFO - Sync 1 DAGs
[2022-03-17 22:40:37,953] {logging_mixin.py:109} INFO - [2022-03-17 22:40:37,952] {dag.py:2935} INFO - Setting next_dagrun for data_ingestion_gcs_dag to 2022-03-16 00:00:00+00:00
[2022-03-17 22:40:37,964] {processor.py:171} INFO - Processing /opt/airflow/dags/dumm_dag.py took 0.912 seconds
[2022-03-17 22:41:08,105] {processor.py:163} INFO - Started process (PID=315) to work on /opt/airflow/dags/dumm_dag.py
[2022-03-17 22:41:08,108] {processor.py:642} INFO - Processing file /opt/airflow/dags/dumm_dag.py for tasks to queue
[2022-03-17 22:41:08,110] {logging_mixin.py:109} INFO - [2022-03-17 22:41:08,110] {dagbag.py:500} INFO - Filling up the DagBag from /opt/airflow/dags/dumm_dag.py
[2022-03-17 22:41:09,087] {processor.py:654} INFO - DAG(s) dict_keys(['data_ingestion_gcs_dag']) retrieved from /opt/airflow/dags/dumm_dag.py
[2022-03-17 22:41:09,102] {logging_mixin.py:109} INFO - [2022-03-17 22:41:09,102] {dag.py:2396} INFO - Sync 1 DAGs
[2022-03-17 22:41:09,123] {logging_mixin.py:109} INFO - [2022-03-17 22:41:09,123] {dag.py:2935} INFO - Setting next_dagrun for data_ingestion_gcs_dag to 2022-03-16 00:00:00+00:00
[2022-03-17 22:41:09,136] {processor.py:171} INFO - Processing /opt/airflow/dags/dumm_dag.py took 1.034 seconds
[2022-03-17 22:41:39,277] {processor.py:163} INFO - Started process (PID=326) to work on /opt/airflow/dags/dumm_dag.py
[2022-03-17 22:41:39,280] {processor.py:642} INFO - Processing file /opt/airflow/dags/dumm_dag.py for tasks to queue
[2022-03-17 22:41:39,281] {logging_mixin.py:109} INFO - [2022-03-17 22:41:39,281] {dagbag.py:500} INFO - Filling up the DagBag from /opt/airflow/dags/dumm_dag.py
[2022-03-17 22:41:40,085] {processor.py:654} INFO - DAG(s) dict_keys(['data_ingestion_gcs_dag']) retrieved from /opt/airflow/dags/dumm_dag.py
[2022-03-17 22:41:40,097] {logging_mixin.py:109} INFO - [2022-03-17 22:41:40,097] {dag.py:2396} INFO - Sync 1 DAGs
[2022-03-17 22:41:40,117] {logging_mixin.py:109} INFO - [2022-03-17 22:41:40,117] {dag.py:2935} INFO - Setting next_dagrun for data_ingestion_gcs_dag to 2022-03-16 00:00:00+00:00
[2022-03-17 22:41:40,128] {processor.py:171} INFO - Processing /opt/airflow/dags/dumm_dag.py took 0.854 seconds
[2022-03-17 22:42:10,258] {processor.py:163} INFO - Started process (PID=337) to work on /opt/airflow/dags/dumm_dag.py
[2022-03-17 22:42:10,261] {processor.py:642} INFO - Processing file /opt/airflow/dags/dumm_dag.py for tasks to queue
[2022-03-17 22:42:10,262] {logging_mixin.py:109} INFO - [2022-03-17 22:42:10,262] {dagbag.py:500} INFO - Filling up the DagBag from /opt/airflow/dags/dumm_dag.py
[2022-03-17 22:42:11,169] {processor.py:654} INFO - DAG(s) dict_keys(['data_ingestion_gcs_dag']) retrieved from /opt/airflow/dags/dumm_dag.py
[2022-03-17 22:42:11,183] {logging_mixin.py:109} INFO - [2022-03-17 22:42:11,182] {dag.py:2396} INFO - Sync 1 DAGs
[2022-03-17 22:42:11,202] {logging_mixin.py:109} INFO - [2022-03-17 22:42:11,202] {dag.py:2935} INFO - Setting next_dagrun for data_ingestion_gcs_dag to 2022-03-16 00:00:00+00:00
[2022-03-17 22:42:11,216] {processor.py:171} INFO - Processing /opt/airflow/dags/dumm_dag.py took 0.962 seconds
[2022-03-17 22:42:41,410] {processor.py:163} INFO - Started process (PID=348) to work on /opt/airflow/dags/dumm_dag.py
[2022-03-17 22:42:41,413] {processor.py:642} INFO - Processing file /opt/airflow/dags/dumm_dag.py for tasks to queue
[2022-03-17 22:42:41,414] {logging_mixin.py:109} INFO - [2022-03-17 22:42:41,414] {dagbag.py:500} INFO - Filling up the DagBag from /opt/airflow/dags/dumm_dag.py
[2022-03-17 22:42:42,218] {processor.py:654} INFO - DAG(s) dict_keys(['data_ingestion_gcs_dag']) retrieved from /opt/airflow/dags/dumm_dag.py
[2022-03-17 22:42:42,232] {logging_mixin.py:109} INFO - [2022-03-17 22:42:42,232] {dag.py:2396} INFO - Sync 1 DAGs
[2022-03-17 22:42:42,251] {logging_mixin.py:109} INFO - [2022-03-17 22:42:42,251] {dag.py:2935} INFO - Setting next_dagrun for data_ingestion_gcs_dag to 2022-03-16 00:00:00+00:00
[2022-03-17 22:42:42,262] {processor.py:171} INFO - Processing /opt/airflow/dags/dumm_dag.py took 0.856 seconds
[2022-03-17 22:43:12,391] {processor.py:163} INFO - Started process (PID=359) to work on /opt/airflow/dags/dumm_dag.py
[2022-03-17 22:43:12,393] {processor.py:642} INFO - Processing file /opt/airflow/dags/dumm_dag.py for tasks to queue
[2022-03-17 22:43:12,395] {logging_mixin.py:109} INFO - [2022-03-17 22:43:12,395] {dagbag.py:500} INFO - Filling up the DagBag from /opt/airflow/dags/dumm_dag.py
[2022-03-17 22:43:13,228] {processor.py:654} INFO - DAG(s) dict_keys(['data_ingestion_gcs_dag']) retrieved from /opt/airflow/dags/dumm_dag.py
[2022-03-17 22:43:13,247] {logging_mixin.py:109} INFO - [2022-03-17 22:43:13,246] {dag.py:2396} INFO - Sync 1 DAGs
[2022-03-17 22:43:13,274] {logging_mixin.py:109} INFO - [2022-03-17 22:43:13,273] {dag.py:2935} INFO - Setting next_dagrun for data_ingestion_gcs_dag to 2022-03-16 00:00:00+00:00
[2022-03-17 22:43:13,287] {processor.py:171} INFO - Processing /opt/airflow/dags/dumm_dag.py took 0.900 seconds
